<?xml version="1.0" encoding="UTF-8"?>
<!-- Generated by org.testng.reporters.JUnitReportReporter -->
<testsuite skipped="0" hostname="Hardik-Ranjan.local" name="com.hardik.seleniumAssignment.Operator" tests="4" failures="0" timestamp="06 Apr 2017 12:39:57 GMT" time="43.345" errors="0">
  <testcase name="verifyHomePage" time="26.037" classname="com.hardik.seleniumAssignment.Operator"/>
  <testcase name="browser" time="6.012" classname="com.hardik.seleniumAssignment.Operator"/>
  <testcase name="verifyLoginPage" time="11.065" classname="com.hardik.seleniumAssignment.Operator"/>
  <testcase name="verifySignUpPage" time="0.231" classname="com.hardik.seleniumAssignment.Operator"/>
</testsuite> <!-- com.hardik.seleniumAssignment.Operator -->
